<?xml version="1.0" encoding="UTF-8"?>
<testsuite xmlns:xsi="http://www.w3.org/2001/XMLSchema-instance" xsi:noNamespaceSchemaLocation="https://maven.apache.org/surefire/maven-surefire-plugin/xsd/surefire-test-report.xsd" name="it.polimi.ingsw.PSP54.server.model.ApolloDecoratorTest" time="0.01" tests="6" errors="0" skipped="0" failures="0">
  <properties>
[...]
</properties>
  <testcase name="setWorkerBoxesToMove_SomeOccupiedBoxesAndUpperLevelsBoardCenter_AdjacentBoxesExceptUpperLevels" classname="it.polimi.ingsw.PSP54.server.model.ApolloDecoratorTest" time="0"/>
  <testcase name="setWorkerBoxesToMove_SomeUpperLevelsOccupiedBoardCenter_AdjacentBoxesExceptUpperLevels" classname="it.polimi.ingsw.PSP54.server.model.ApolloDecoratorTest" time="0"/>
  <testcase name="move_GroundLevelCenter_OccupiedThrowException" classname="it.polimi.ingsw.PSP54.server.model.ApolloDecoratorTest" time="0"/>
  <testcase name="move_GroundLevelCenter_NorthWestSwap" classname="it.polimi.ingsw.PSP54.server.model.ApolloDecoratorTest" time="0"/>
  <testcase name="move_OccupiedByFellowWorker_ThrowException" classname="it.polimi.ingsw.PSP54.server.model.ApolloDecoratorTest" time="0.002"/>
  <testcase name="setWorkerBoxesToMove_EmptyBoardsCenter_AllAdjacentBoxes" classname="it.polimi.ingsw.PSP54.server.model.ApolloDecoratorTest" time="0"/>
</testsuite>