<?xml version="1.0" encoding="UTF-8"?>
<testsuite xmlns:xsi="http://www.w3.org/2001/XMLSchema-instance" xsi:noNamespaceSchemaLocation="https://maven.apache.org/surefire/maven-surefire-plugin/xsd/surefire-test-report.xsd" name="it.polimi.ingsw.PSP54.server.test_model.ApolloTest" time="0.094" tests="2" errors="0" skipped="0" failures="0">
  <properties>
[...]
</properties>
  <testcase name="validMove_normalMove_workerSetSourceNull" classname="it.polimi.ingsw.PSP54.server.test_model.ApolloTest" time="0.021"/>
  <testcase name="validMove_moveOnOccupiedBox_changesWorkerPos" classname="it.polimi.ingsw.PSP54.server.test_model.ApolloTest" time="0.001"/>
</testsuite>